<?xml version="1.0" encoding="UTF-8"?>
<!-- Generated by org.testng.reporters.JUnitReportReporter -->
<testsuite skipped="0" hostname="LAPTOP-SV9TVNET" name="automation2021.Test1" tests="1" failures="0" timestamp="2021-07-18T22:26:16 IST" time="3.891" errors="0">
  <testcase name="BrowserTest" time="3.891" classname="automation2021.Test1"/>
  <system-out/>
</testsuite> <!-- automation2021.Test1 -->
